# JRE version: Java(TM) SE Runtime Environment (9.0+11) (build 9.0.4+11)
# Java VM: Java HotSpot(TM) 64-Bit Server VM (9.0.4+11, mixed mode, tiered, compressed oops, g1 gc, linux-amd64)
Heap:
 garbage-first heap   total 573440K, used 264625K [0x00000000c0000000, 0x00000000c0101180, 0x0000000100000000)
  region size 1024K, 192 young (196608K), 23 survivors (23552K)
 Metaspace       used 63614K, capacity 67104K, committed 67228K, reserved 1110016K
  class space    used 5946K, capacity 7028K, committed 7072K, reserved 1048576K
GC Heap History (10 events):
Event: 3,592 GC heap before
{Heap before GC invocations=9 (full 0):
 garbage-first heap   total 256000K, used 175836K [0x00000000c0000000, 0x00000000c01007d0, 0x0000000100000000)
  region size 1024K, 145 young (148480K), 19 survivors (19456K)
 Metaspace       used 48324K, capacity 51244K, committed 51408K, reserved 1095680K
  class space    used 4879K, capacity 5747K, committed 5844K, reserved 1048576K
}
Event: 3,618 GC heap after
{Heap after GC invocations=10 (full 0):
 garbage-first heap   total 256000K, used 58616K [0x00000000c0000000, 0x00000000c01007d0, 0x0000000100000000)
  region size 1024K, 15 young (15360K), 15 survivors (15360K)
 Metaspace       used 48324K, capacity 51244K, committed 51408K, reserved 1095680K
  class space    used 4879K, capacity 5747K, committed 5844K, reserved 1048576K
}
Event: 3,930 GC heap before
{Heap before GC invocations=10 (full 0):
 garbage-first heap   total 256000K, used 181496K [0x00000000c0000000, 0x00000000c01007d0, 0x0000000100000000)
  region size 1024K, 135 young (138240K), 15 survivors (15360K)
 Metaspace       used 50666K, capacity 53622K, committed 53840K, reserved 1097728K
  class space    used 5087K, capacity 5935K, committed 5972K, reserved 1048576K
}
Event: 3,950 GC heap after
{Heap after GC invocations=11 (full 0):
 garbage-first heap   total 573440K, used 68209K [0x00000000c0000000, 0x00000000c0101180, 0x0000000100000000)
  region size 1024K, 13 young (13312K), 13 survivors (13312K)
 Metaspace       used 50666K, capacity 53622K, committed 53840K, reserved 1097728K
  class space    used 5087K, capacity 5935K, committed 5972K, reserved 1048576K
}
Event: 5,122 GC heap before
{Heap before GC invocations=11 (full 0):
 garbage-first heap   total 573440K, used 390769K [0x00000000c0000000, 0x00000000c0101180, 0x0000000100000000)
  region size 1024K, 328 young (335872K), 13 survivors (13312K)
 Metaspace       used 54454K, capacity 57530K, committed 57808K, reserved 1101824K
  class space    used 5357K, capacity 6324K, committed 6356K, reserved 1048576K
}
Event: 5,147 GC heap after
{Heap after GC invocations=12 (full 0):
 garbage-first heap   total 573440K, used 84197K [0x00000000c0000000, 0x00000000c0101180, 0x0000000100000000)
  region size 1024K, 29 young (29696K), 29 survivors (29696K)
 Metaspace       used 54454K, capacity 57530K, committed 57808K, reserved 1101824K
  class space    used 5357K, capacity 6324K, committed 6356K, reserved 1048576K
}
Event: 5,861 GC heap before
{Heap before GC invocations=12 (full 0):
 garbage-first heap   total 573440K, used 240869K [0x00000000c0000000, 0x00000000c0101180, 0x0000000100000000)
  region size 1024K, 183 young (187392K), 29 survivors (29696K)
 Metaspace       used 57143K, capacity 60338K, committed 60508K, reserved 1103872K
  class space    used 5529K, capacity 6511K, committed 6612K, reserved 1048576K
}
Event: 5,879 GC heap after
{Heap after GC invocations=13 (full 0):
 garbage-first heap   total 573440K, used 80241K [0x00000000c0000000, 0x00000000c0101180, 0x0000000100000000)
  region size 1024K, 10 young (10240K), 10 survivors (10240K)
 Metaspace       used 57143K, capacity 60338K, committed 60508K, reserved 1103872K
  class space    used 5529K, capacity 6511K, committed 6612K, reserved 1048576K
}
Event: 8,676 GC heap before
{Heap before GC invocations=14 (full 0):
 garbage-first heap   total 573440K, used 413041K [0x00000000c0000000, 0x00000000c0101180, 0x0000000100000000)
  region size 1024K, 336 young (344064K), 10 survivors (10240K)
 Metaspace       used 59452K, capacity 62996K, committed 63260K, reserved 1105920K
  class space    used 5740K, capacity 6835K, committed 6944K, reserved 1048576K
}
Event: 8,702 GC heap after
{Heap after GC invocations=15 (full 0):
 garbage-first heap   total 573440K, used 92593K [0x00000000c0000000, 0x00000000c0101180, 0x0000000100000000)
  region size 1024K, 23 young (23552K), 23 survivors (23552K)
 Metaspace       used 59452K, capacity 62996K, committed 63260K, reserved 1105920K
  class space    used 5740K, capacity 6835K, committed 6944K, reserved 1048576K
}

