# JRE version: Java(TM) SE Runtime Environment (9.0+11) (build 9.0.4+11)
# Java VM: Java HotSpot(TM) 64-Bit Server VM (9.0.4+11, mixed mode, tiered, compressed oops, g1 gc, linux-amd64)
Heap:
 garbage-first heap   total 573440K, used 306290K [0x00000000c0000000, 0x00000000c0101180, 0x0000000100000000)
  region size 1024K, 228 young (233472K), 7 survivors (7168K)
 Metaspace       used 66113K, capacity 69572K, committed 69712K, reserved 1112064K
  class space    used 5887K, capacity 6928K, committed 6996K, reserved 1048576K
GC Heap History (10 events):
Event: 405,886 GC heap before
{Heap before GC invocations=16 (full 0):
 garbage-first heap   total 573440K, used 424415K [0x00000000c0000000, 0x00000000c0101180, 0x0000000100000000)
  region size 1024K, 336 young (344064K), 19 survivors (19456K)
 Metaspace       used 65012K, capacity 68534K, committed 68688K, reserved 1112064K
  class space    used 5864K, capacity 6919K, committed 6996K, reserved 1048576K
}
Event: 405,898 GC heap after
{Heap after GC invocations=17 (full 0):
 garbage-first heap   total 573440K, used 81342K [0x00000000c0000000, 0x00000000c0101180, 0x0000000100000000)
  region size 1024K, 23 young (23552K), 23 survivors (23552K)
 Metaspace       used 65012K, capacity 68534K, committed 68688K, reserved 1112064K
  class space    used 5864K, capacity 6919K, committed 6996K, reserved 1048576K
}
Event: 421,255 GC heap before
{Heap before GC invocations=17 (full 0):
 garbage-first heap   total 573440K, used 201150K [0x00000000c0000000, 0x00000000c0101180, 0x0000000100000000)
  region size 1024K, 140 young (143360K), 23 survivors (23552K)
 Metaspace       used 65067K, capacity 68612K, committed 68688K, reserved 1112064K
  class space    used 5864K, capacity 6920K, committed 6996K, reserved 1048576K
}
Event: 421,269 GC heap after
{Heap after GC invocations=18 (full 0):
 garbage-first heap   total 573440K, used 84414K [0x00000000c0000000, 0x00000000c0101180, 0x0000000100000000)
  region size 1024K, 12 young (12288K), 12 survivors (12288K)
 Metaspace       used 65067K, capacity 68612K, committed 68688K, reserved 1112064K
  class space    used 5864K, capacity 6920K, committed 6996K, reserved 1048576K
}
Event: 437,856 GC heap before
{Heap before GC invocations=18 (full 0):
 garbage-first heap   total 573440K, used 420286K [0x00000000c0000000, 0x00000000c0101180, 0x0000000100000000)
  region size 1024K, 336 young (344064K), 12 survivors (12288K)
 Metaspace       used 65279K, capacity 68808K, committed 68944K, reserved 1112064K
  class space    used 5867K, capacity 6920K, committed 6996K, reserved 1048576K
}
Event: 437,867 GC heap after
{Heap after GC invocations=19 (full 0):
 garbage-first heap   total 573440K, used 82183K [0x00000000c0000000, 0x00000000c0101180, 0x0000000100000000)
  region size 1024K, 10 young (10240K), 10 survivors (10240K)
 Metaspace       used 65279K, capacity 68808K, committed 68944K, reserved 1112064K
  class space    used 5867K, capacity 6920K, committed 6996K, reserved 1048576K
}
Event: 588,197 GC heap before
{Heap before GC invocations=19 (full 0):
 garbage-first heap   total 573440K, used 420103K [0x00000000c0000000, 0x00000000c0101180, 0x0000000100000000)
  region size 1024K, 336 young (344064K), 10 survivors (10240K)
 Metaspace       used 65688K, capacity 69202K, committed 69456K, reserved 1112064K
  class space    used 5881K, capacity 6921K, committed 6996K, reserved 1048576K
}
Event: 588,202 GC heap after
{Heap after GC invocations=20 (full 0):
 garbage-first heap   total 573440K, used 80221K [0x00000000c0000000, 0x00000000c0101180, 0x0000000100000000)
  region size 1024K, 8 young (8192K), 8 survivors (8192K)
 Metaspace       used 65688K, capacity 69202K, committed 69456K, reserved 1112064K
  class space    used 5881K, capacity 6921K, committed 6996K, reserved 1048576K
}
Event: 695,213 GC heap before
{Heap before GC invocations=20 (full 0):
 garbage-first heap   total 573440K, used 418141K [0x00000000c0000000, 0x00000000c0101180, 0x0000000100000000)
  region size 1024K, 336 young (344064K), 8 survivors (8192K)
 Metaspace       used 65954K, capacity 69508K, committed 69712K, reserved 1112064K
  class space    used 5886K, capacity 6928K, committed 6996K, reserved 1048576K
}
Event: 695,218 GC heap after
{Heap after GC invocations=21 (full 0):
 garbage-first heap   total 573440K, used 78962K [0x00000000c0000000, 0x00000000c0101180, 0x0000000100000000)
  region size 1024K, 7 young (7168K), 7 survivors (7168K)
 Metaspace       used 65954K, capacity 69508K, committed 69712K, reserved 1112064K
  class space    used 5886K, capacity 6928K, committed 6996K, reserved 1048576K
}

