# JRE version: Java(TM) SE Runtime Environment (9.0+11) (build 9.0.4+11)
# Java VM: Java HotSpot(TM) 64-Bit Server VM (9.0.4+11, mixed mode, tiered, compressed oops, g1 gc, linux-amd64)
Heap:
 garbage-first heap   total 573440K, used 263177K [0x00000000c0000000, 0x00000000c0101180, 0x0000000100000000)
  region size 1024K, 181 young (185344K), 9 survivors (9216K)
 Metaspace       used 62411K, capacity 65762K, committed 66136K, reserved 1107968K
  class space    used 5787K, capacity 6817K, committed 6912K, reserved 1048576K
GC Heap History (10 events):
Event: 3,484 GC heap before
{Heap before GC invocations=9 (full 0):
 garbage-first heap   total 256000K, used 168635K [0x00000000c0000000, 0x00000000c01007d0, 0x0000000100000000)
  region size 1024K, 150 young (153600K), 17 survivors (17408K)
 Metaspace       used 43504K, capacity 46392K, committed 46592K, reserved 1091584K
  class space    used 4413K, capacity 5311K, committed 5376K, reserved 1048576K
}
Event: 3,522 GC heap after
{Heap after GC invocations=10 (full 0):
 garbage-first heap   total 256000K, used 45594K [0x00000000c0000000, 0x00000000c01007d0, 0x0000000100000000)
  region size 1024K, 17 young (17408K), 17 survivors (17408K)
 Metaspace       used 43504K, capacity 46392K, committed 46592K, reserved 1091584K
  class space    used 4413K, capacity 5311K, committed 5376K, reserved 1048576K
}
Event: 3,880 GC heap before
{Heap before GC invocations=10 (full 0):
 garbage-first heap   total 256000K, used 177690K [0x00000000c0000000, 0x00000000c01007d0, 0x0000000100000000)
  region size 1024K, 145 young (148480K), 17 survivors (17408K)
 Metaspace       used 45393K, capacity 48440K, committed 48512K, reserved 1091584K
  class space    used 4565K, capacity 5432K, committed 5504K, reserved 1048576K
}
Event: 3,902 GC heap after
{Heap after GC invocations=11 (full 0):
 garbage-first heap   total 573440K, used 51820K [0x00000000c0000000, 0x00000000c0101180, 0x0000000100000000)
  region size 1024K, 11 young (11264K), 11 survivors (11264K)
 Metaspace       used 45393K, capacity 48440K, committed 48512K, reserved 1091584K
  class space    used 4565K, capacity 5432K, committed 5504K, reserved 1048576K
}
Event: 20,141 GC heap before
{Heap before GC invocations=11 (full 0):
 garbage-first heap   total 573440K, used 384620K [0x00000000c0000000, 0x00000000c0101180, 0x0000000100000000)
  region size 1024K, 336 young (344064K), 11 survivors (11264K)
 Metaspace       used 54291K, capacity 57558K, committed 57728K, reserved 1101824K
  class space    used 5266K, capacity 6262K, committed 6272K, reserved 1048576K
}
Event: 20,171 GC heap after
{Heap after GC invocations=12 (full 0):
 garbage-first heap   total 573440K, used 75009K [0x00000000c0000000, 0x00000000c0101180, 0x0000000100000000)
  region size 1024K, 33 young (33792K), 33 survivors (33792K)
 Metaspace       used 54291K, capacity 57558K, committed 57728K, reserved 1101824K
  class space    used 5266K, capacity 6262K, committed 6272K, reserved 1048576K
}
Event: 26,995 GC heap before
{Heap before GC invocations=12 (full 0):
 garbage-first heap   total 573440K, used 443649K [0x00000000c0000000, 0x00000000c0101180, 0x0000000100000000)
  region size 1024K, 336 young (344064K), 33 survivors (33792K)
 Metaspace       used 59230K, capacity 62510K, committed 62848K, reserved 1105920K
  class space    used 5685K, capacity 6702K, committed 6784K, reserved 1048576K
}
Event: 27,038 GC heap after
{Heap after GC invocations=13 (full 0):
 garbage-first heap   total 573440K, used 90616K [0x00000000c0000000, 0x00000000c0101180, 0x0000000100000000)
  region size 1024K, 24 young (24576K), 24 survivors (24576K)
 Metaspace       used 59230K, capacity 62510K, committed 62848K, reserved 1105920K
  class space    used 5685K, capacity 6702K, committed 6784K, reserved 1048576K
}
Event: 122,070 GC heap before
{Heap before GC invocations=13 (full 0):
 garbage-first heap   total 573440K, used 235000K [0x00000000c0000000, 0x00000000c0101180, 0x0000000100000000)
  region size 1024K, 153 young (156672K), 24 survivors (24576K)
 Metaspace       used 61331K, capacity 64660K, committed 64856K, reserved 1107968K
  class space    used 5779K, capacity 6816K, committed 6912K, reserved 1048576K
}
Event: 122,090 GC heap after
{Heap after GC invocations=14 (full 0):
 garbage-first heap   total 573440K, used 81929K [0x00000000c0000000, 0x00000000c0101180, 0x0000000100000000)
  region size 1024K, 9 young (9216K), 9 survivors (9216K)
 Metaspace       used 61331K, capacity 64660K, committed 64856K, reserved 1107968K
  class space    used 5779K, capacity 6816K, committed 6912K, reserved 1048576K
}

